14:45:35 debug: 2025/7/29下午2:45:35
14:45:35 debug: Project: /Users/dzk/Documents/git-projects/example-mflow
14:45:35 debug: Targets: editor,preview
14:45:35 debug: Incremental file seems great.
14:45:35 debug: Engine path: /Applications/Cocos/Creator/3.8.3/CocosCreator.app/Contents/Resources/resources/3d/engine
14:45:35 debug: Initializing target [Editor]
14:45:35 debug: Loading cache
14:45:35 debug: Loading cache costs 1.238416999578476ms.
14:45:35 debug: Engine features shipped in editor: base,gfx-webgl,gfx-webgl2,gfx-empty,3d,animation,skeletal-animation,2d,ui,particle,particle-2d,physics-framework,physics-2d-framework,physics-2d-box2d-wasm,intersection-2d,primitive,profiler,occlusion-query,geometry-renderer,debug-renderer,audio,video,xr,light-probe,terrain,webview,tween,tiled-map,spine,dragon-bones,marionette,procedural-animation,custom-pipeline,websocket,websocket-server,meshopt
14:45:35 debug: Our import map(foo:/bar): {
  "imports": {
    "cc": "cce:/internal/x/cc"
  }
}
14:45:35 debug: Initializing target [Preview]
14:45:35 debug: Loading cache
14:45:35 debug: Loading cache costs 0.9010839909315109ms.
14:45:35 debug: Our import map(foo:/bar): {
  "imports": {
    "cc": "cce:/internal/x/cc"
  }
}
14:45:35 debug: Sync engine features: 2d,3d,animation,audio,base,dragon-bones,gfx-webgl,intersection-2d,light-probe,marionette,meshopt,particle,particle-2d,physics-2d-box2d,physics-ammo,primitive,profiler,skeletal-animation,spine,terrain,tiled-map,tween,ui,video,websocket,webview
14:45:35 debug: Reset databases. Enumerated domains: [
  {
    "root": "db://internal/",
    "physical": "/Applications/Cocos/Creator/3.8.3/CocosCreator.app/Contents/Resources/resources/3d/engine/editor/assets"
  },
  {
    "root": "db://assets/",
    "physical": "/Users/dzk/Documents/git-projects/example-mflow/assets"
  }
]
14:45:35 debug: Our import map(foo:/bar): {
  "imports": {
    "cc": "cce:/internal/x/cc",
    "db://internal/": "file:///Applications/Cocos/Creator/3.8.3/CocosCreator.app/Contents/Resources/resources/3d/engine/editor/assets/",
    "db://assets/": "file:///Users/dzk/Documents/git-projects/example-mflow/assets/"
  }
}
14:45:35 debug: Our import map(foo:/bar): {
  "imports": {
    "cc": "cce:/internal/x/cc",
    "db://internal/": "file:///Applications/Cocos/Creator/3.8.3/CocosCreator.app/Contents/Resources/resources/3d/engine/editor/assets/",
    "db://assets/": "file:///Users/dzk/Documents/git-projects/example-mflow/assets/"
  }
}
14:45:35 debug: Pulling asset-db.
14:45:35 debug: Fetch asset-db cost: 1.9161670058965683ms.
14:45:35 debug: Build iteration starts.
Number of accumulated asset changes: 5
Feature changed: false
14:45:35 debug: Target(editor) build started.
14:45:35 debug: Detected change: cce:/internal/x/cc. Last mtime: Thu Jan 01 1970 08:00:13 GMT+0800 (中国标准时间), Current mtime: Thu Jan 01 1970 08:00:06 GMT+0800 (中国标准时间)
14:45:35 debug: Inspect cce:/internal/x/cc
14:45:35 debug: Resolve cce:/internal/x/cc-fu/base from cce:/internal/x/cc as external dependency cce:/internal/x/cc-fu/base.
14:45:35 debug: Resolve cce:/internal/x/cc-fu/gfx-webgl from cce:/internal/x/cc as external dependency cce:/internal/x/cc-fu/gfx-webgl.
14:45:35 debug: Resolve cce:/internal/x/cc-fu/gfx-webgl2 from cce:/internal/x/cc as external dependency cce:/internal/x/cc-fu/gfx-webgl2.
14:45:35 debug: Resolve cce:/internal/x/cc-fu/gfx-empty from cce:/internal/x/cc as external dependency cce:/internal/x/cc-fu/gfx-empty.
14:45:35 debug: Resolve cce:/internal/x/cc-fu/3d from cce:/internal/x/cc as external dependency cce:/internal/x/cc-fu/3d.
14:45:35 debug: Resolve cce:/internal/x/cc-fu/animation from cce:/internal/x/cc as external dependency cce:/internal/x/cc-fu/animation.
14:45:35 debug: Resolve cce:/internal/x/cc-fu/skeletal-animation from cce:/internal/x/cc as external dependency cce:/internal/x/cc-fu/skeletal-animation.
14:45:35 debug: Resolve cce:/internal/x/cc-fu/2d from cce:/internal/x/cc as external dependency cce:/internal/x/cc-fu/2d.
14:45:35 debug: Resolve cce:/internal/x/cc-fu/sorting from cce:/internal/x/cc as external dependency cce:/internal/x/cc-fu/sorting.
14:45:35 debug: Resolve cce:/internal/x/cc-fu/ui from cce:/internal/x/cc as external dependency cce:/internal/x/cc-fu/ui.
14:45:35 debug: Resolve cce:/internal/x/cc-fu/particle from cce:/internal/x/cc as external dependency cce:/internal/x/cc-fu/particle.
14:45:35 debug: Resolve cce:/internal/x/cc-fu/particle-2d from cce:/internal/x/cc as external dependency cce:/internal/x/cc-fu/particle-2d.
14:45:35 debug: Resolve cce:/internal/x/cc-fu/physics-framework from cce:/internal/x/cc as external dependency cce:/internal/x/cc-fu/physics-framework.
14:45:35 debug: Resolve cce:/internal/x/cc-fu/physics-2d-framework from cce:/internal/x/cc as external dependency cce:/internal/x/cc-fu/physics-2d-framework.
14:45:35 debug: Resolve cce:/internal/x/cc-fu/physics-2d-box2d-wasm from cce:/internal/x/cc as external dependency cce:/internal/x/cc-fu/physics-2d-box2d-wasm.
14:45:35 debug: Resolve cce:/internal/x/cc-fu/intersection-2d from cce:/internal/x/cc as external dependency cce:/internal/x/cc-fu/intersection-2d.
14:45:35 debug: Resolve cce:/internal/x/cc-fu/primitive from cce:/internal/x/cc as external dependency cce:/internal/x/cc-fu/primitive.
14:45:35 debug: Resolve cce:/internal/x/cc-fu/profiler from cce:/internal/x/cc as external dependency cce:/internal/x/cc-fu/profiler.
14:45:35 debug: Resolve cce:/internal/x/cc-fu/geometry-renderer from cce:/internal/x/cc as external dependency cce:/internal/x/cc-fu/geometry-renderer.
14:45:35 debug: Resolve cce:/internal/x/cc-fu/audio from cce:/internal/x/cc as external dependency cce:/internal/x/cc-fu/audio.
14:45:35 debug: Resolve cce:/internal/x/cc-fu/video from cce:/internal/x/cc as external dependency cce:/internal/x/cc-fu/video.
14:45:35 debug: Resolve cce:/internal/x/cc-fu/xr from cce:/internal/x/cc as external dependency cce:/internal/x/cc-fu/xr.
14:45:35 debug: Resolve cce:/internal/x/cc-fu/light-probe from cce:/internal/x/cc as external dependency cce:/internal/x/cc-fu/light-probe.
14:45:35 debug: Resolve cce:/internal/x/cc-fu/terrain from cce:/internal/x/cc as external dependency cce:/internal/x/cc-fu/terrain.
14:45:35 debug: Resolve cce:/internal/x/cc-fu/webview from cce:/internal/x/cc as external dependency cce:/internal/x/cc-fu/webview.
14:45:35 debug: Resolve cce:/internal/x/cc-fu/tween from cce:/internal/x/cc as external dependency cce:/internal/x/cc-fu/tween.
14:45:35 debug: Resolve cce:/internal/x/cc-fu/tiled-map from cce:/internal/x/cc as external dependency cce:/internal/x/cc-fu/tiled-map.
14:45:35 debug: Resolve cce:/internal/x/cc-fu/spine from cce:/internal/x/cc as external dependency cce:/internal/x/cc-fu/spine.
14:45:35 debug: Resolve cce:/internal/x/cc-fu/dragon-bones from cce:/internal/x/cc as external dependency cce:/internal/x/cc-fu/dragon-bones.
14:45:35 debug: Resolve cce:/internal/x/cc-fu/custom-pipeline from cce:/internal/x/cc as external dependency cce:/internal/x/cc-fu/custom-pipeline.
14:45:35 debug: Detected change: cce:/internal/x/prerequisite-imports. Last mtime: Thu Jan 01 1970 08:06:21 GMT+0800 (中国标准时间), Current mtime: Thu Jan 01 1970 08:00:06 GMT+0800 (中国标准时间)
14:45:35 debug: Inspect cce:/internal/x/prerequisite-imports
14:45:35 debug: Resolve file:///Applications/Cocos/Creator/3.8.3/CocosCreator.app/Contents/Resources/resources/3d/engine/editor/assets/tools/debug-view-runtime-control.ts from cce:/internal/x/prerequisite-imports as file:///Applications/Cocos/Creator/3.8.3/CocosCreator.app/Contents/Resources/resources/3d/engine/editor/assets/tools/debug-view-runtime-control.ts.
14:45:35 debug: Resolve cc from file:///Applications/Cocos/Creator/3.8.3/CocosCreator.app/Contents/Resources/resources/3d/engine/editor/assets/tools/debug-view-runtime-control.ts as cce:/internal/x/cc.
14:45:35 debug: Resolve cc from file:///Applications/Cocos/Creator/3.8.3/CocosCreator.app/Contents/Resources/resources/3d/engine/editor/assets/tools/debug-view-runtime-control.ts as cce:/internal/x/cc.
14:45:35 debug: Resolve cc from file:///Applications/Cocos/Creator/3.8.3/CocosCreator.app/Contents/Resources/resources/3d/engine/editor/assets/tools/debug-view-runtime-control.ts as cce:/internal/x/cc.
14:45:35 debug: Resolve file:///Users/dzk/Documents/git-projects/example-mflow/assets/example.ts from cce:/internal/x/prerequisite-imports as file:///Users/dzk/Documents/git-projects/example-mflow/assets/example.ts.
14:45:35 debug: Resolve cce:/internal/code-quality/cr.mjs from file:///Users/dzk/Documents/git-projects/example-mflow/assets/example.ts as cce:/internal/code-quality/cr.mjs.
14:45:35 debug: Detected change: cce:/internal/code-quality/cr.mjs. Last mtime: Mon May 12 2025 14:37:49 GMT+0800 (中国标准时间), Current mtime: Tue Jul 29 2025 14:45:29 GMT+0800 (中国标准时间)
14:45:35 debug: Inspect cce:/internal/code-quality/cr.mjs
14:45:35 debug: Resolve cc from file:///Users/dzk/Documents/git-projects/example-mflow/assets/example.ts as cce:/internal/x/cc.
14:45:35 debug: Resolve cc from file:///Users/dzk/Documents/git-projects/example-mflow/assets/example.ts as cce:/internal/x/cc.
14:45:35 debug: Resolve dzkcc-mflow/libs from file:///Users/dzk/Documents/git-projects/example-mflow/assets/example.ts as file:///Users/dzk/Documents/git-projects/example-mflow/node_modules/dzkcc-mflow/dist/libs/index.js.
14:45:35 debug: Resolve ./BaseView.js from file:///Users/dzk/Documents/git-projects/example-mflow/node_modules/dzkcc-mflow/dist/libs/index.js as file:///Users/dzk/Documents/git-projects/example-mflow/node_modules/dzkcc-mflow/dist/libs/BaseView.js.
14:45:35 debug: Resolve cc from file:///Users/dzk/Documents/git-projects/example-mflow/node_modules/dzkcc-mflow/dist/libs/BaseView.js as cce:/internal/x/cc.
14:45:35 debug: Resolve cc from file:///Users/dzk/Documents/git-projects/example-mflow/node_modules/dzkcc-mflow/dist/libs/BaseView.js as cce:/internal/x/cc.
14:45:35 debug: Resolve ./Broadcaster.js from file:///Users/dzk/Documents/git-projects/example-mflow/node_modules/dzkcc-mflow/dist/libs/index.js as file:///Users/dzk/Documents/git-projects/example-mflow/node_modules/dzkcc-mflow/dist/libs/Broadcaster.js.
14:45:35 debug: Resolve ../utils/ObjectUtil.js from file:///Users/dzk/Documents/git-projects/example-mflow/node_modules/dzkcc-mflow/dist/libs/Broadcaster.js as file:///Users/dzk/Documents/git-projects/example-mflow/node_modules/dzkcc-mflow/dist/utils/ObjectUtil.js.
14:45:35 debug: Resolve ../utils/StringUtil.js from file:///Users/dzk/Documents/git-projects/example-mflow/node_modules/dzkcc-mflow/dist/libs/Broadcaster.js as file:///Users/dzk/Documents/git-projects/example-mflow/node_modules/dzkcc-mflow/dist/utils/StringUtil.js.
14:45:35 debug: Resolve ./ObjectUtil.js from file:///Users/dzk/Documents/git-projects/example-mflow/node_modules/dzkcc-mflow/dist/utils/StringUtil.js as file:///Users/dzk/Documents/git-projects/example-mflow/node_modules/dzkcc-mflow/dist/utils/ObjectUtil.js.
14:45:35 debug: Resolve ./CocosCore.js from file:///Users/dzk/Documents/git-projects/example-mflow/node_modules/dzkcc-mflow/dist/libs/index.js as file:///Users/dzk/Documents/git-projects/example-mflow/node_modules/dzkcc-mflow/dist/libs/CocosCore.js.
14:45:35 debug: Resolve cc from file:///Users/dzk/Documents/git-projects/example-mflow/node_modules/dzkcc-mflow/dist/libs/CocosCore.js as cce:/internal/x/cc.
14:45:35 debug: Resolve cc from file:///Users/dzk/Documents/git-projects/example-mflow/node_modules/dzkcc-mflow/dist/libs/CocosCore.js as cce:/internal/x/cc.
14:45:35 debug: Resolve ../core/Core.js from file:///Users/dzk/Documents/git-projects/example-mflow/node_modules/dzkcc-mflow/dist/libs/CocosCore.js as file:///Users/dzk/Documents/git-projects/example-mflow/node_modules/dzkcc-mflow/dist/core/Core.js.
14:45:35 debug: Resolve ./ServiceLocator.js from file:///Users/dzk/Documents/git-projects/example-mflow/node_modules/dzkcc-mflow/dist/core/Core.js as file:///Users/dzk/Documents/git-projects/example-mflow/node_modules/dzkcc-mflow/dist/core/ServiceLocator.js.
14:45:35 debug: Resolve ./Decorators.js from file:///Users/dzk/Documents/git-projects/example-mflow/node_modules/dzkcc-mflow/dist/core/Core.js as file:///Users/dzk/Documents/git-projects/example-mflow/node_modules/dzkcc-mflow/dist/core/Decorators.js.
14:45:35 debug: Resolve ./ServiceLocator.js from file:///Users/dzk/Documents/git-projects/example-mflow/node_modules/dzkcc-mflow/dist/core/Decorators.js as file:///Users/dzk/Documents/git-projects/example-mflow/node_modules/dzkcc-mflow/dist/core/ServiceLocator.js.
14:45:35 debug: Create cjs interop url for 'file:///Users/dzk/Documents/git-projects/example-mflow/node_modules/dzkcc-mflow/node_modules/reflect-metadata/Reflect.js'
14:45:35 debug: Resolve reflect-metadata from file:///Users/dzk/Documents/git-projects/example-mflow/node_modules/dzkcc-mflow/dist/core/Decorators.js as file:///Users/dzk/Documents/git-projects/example-mflow/node_modules/dzkcc-mflow/node_modules/reflect-metadata/Reflect.mjs?cjs=&original=.js.
14:45:35 debug: Resolve ./Reflect.js from file:///Users/dzk/Documents/git-projects/example-mflow/node_modules/dzkcc-mflow/node_modules/reflect-metadata/Reflect.mjs?cjs=&original=.js as file:///Users/dzk/Documents/git-projects/example-mflow/node_modules/dzkcc-mflow/node_modules/reflect-metadata/Reflect.js.
14:45:35 debug: Resolve cce:/internal/ml/cjs-loader.mjs from file:///Users/dzk/Documents/git-projects/example-mflow/node_modules/dzkcc-mflow/node_modules/reflect-metadata/Reflect.js as cce:/internal/ml/cjs-loader.mjs.
14:45:35 debug: Detected change: cce:/internal/ml/cjs-loader.mjs. Last mtime: Mon May 12 2025 14:37:49 GMT+0800 (中国标准时间), Current mtime: Tue Jul 29 2025 14:45:29 GMT+0800 (中国标准时间)
14:45:35 debug: Inspect cce:/internal/ml/cjs-loader.mjs
14:45:35 debug: Resolve cce:/internal/ml/cjs-loader.mjs from file:///Users/dzk/Documents/git-projects/example-mflow/node_modules/dzkcc-mflow/node_modules/reflect-metadata/Reflect.mjs?cjs=&original=.js as cce:/internal/ml/cjs-loader.mjs.
14:45:35 debug: Resolve ./Reflect.js from file:///Users/dzk/Documents/git-projects/example-mflow/node_modules/dzkcc-mflow/node_modules/reflect-metadata/Reflect.mjs?cjs=&original=.js as file:///Users/dzk/Documents/git-projects/example-mflow/node_modules/dzkcc-mflow/node_modules/reflect-metadata/Reflect.js.
14:45:35 debug: Resolve ./Reflect.js from file:///Users/dzk/Documents/git-projects/example-mflow/node_modules/dzkcc-mflow/node_modules/reflect-metadata/Reflect.mjs?cjs=&original=.js as file:///Users/dzk/Documents/git-projects/example-mflow/node_modules/dzkcc-mflow/node_modules/reflect-metadata/Reflect.js.
14:45:35 debug: Resolve ../core/Decorators.js from file:///Users/dzk/Documents/git-projects/example-mflow/node_modules/dzkcc-mflow/dist/libs/CocosCore.js as file:///Users/dzk/Documents/git-projects/example-mflow/node_modules/dzkcc-mflow/dist/core/Decorators.js.
14:45:35 debug: Resolve ../core/ServiceLocator.js from file:///Users/dzk/Documents/git-projects/example-mflow/node_modules/dzkcc-mflow/dist/libs/CocosCore.js as file:///Users/dzk/Documents/git-projects/example-mflow/node_modules/dzkcc-mflow/dist/core/ServiceLocator.js.
14:45:35 debug: Resolve ./UIManager.js from file:///Users/dzk/Documents/git-projects/example-mflow/node_modules/dzkcc-mflow/dist/libs/CocosCore.js as file:///Users/dzk/Documents/git-projects/example-mflow/node_modules/dzkcc-mflow/dist/libs/UIManager.js.
14:45:35 debug: Resolve cc from file:///Users/dzk/Documents/git-projects/example-mflow/node_modules/dzkcc-mflow/dist/libs/UIManager.js as cce:/internal/x/cc.
14:45:35 debug: Resolve ../_virtual/_tslib.js from file:///Users/dzk/Documents/git-projects/example-mflow/node_modules/dzkcc-mflow/dist/libs/UIManager.js as file:///Users/dzk/Documents/git-projects/example-mflow/node_modules/dzkcc-mflow/dist/_virtual/_tslib.js.
14:45:35 debug: Resolve cc from file:///Users/dzk/Documents/git-projects/example-mflow/node_modules/dzkcc-mflow/dist/libs/UIManager.js as cce:/internal/x/cc.
14:45:35 debug: Resolve ../core/ServiceLocator.js from file:///Users/dzk/Documents/git-projects/example-mflow/node_modules/dzkcc-mflow/dist/libs/UIManager.js as file:///Users/dzk/Documents/git-projects/example-mflow/node_modules/dzkcc-mflow/dist/core/ServiceLocator.js.
14:45:35 debug: Create cjs interop url for 'file:///Users/dzk/Documents/git-projects/example-mflow/node_modules/dzkcc-mflow/node_modules/reflect-metadata/Reflect.js'
14:45:35 debug: Resolve reflect-metadata from file:///Users/dzk/Documents/git-projects/example-mflow/node_modules/dzkcc-mflow/dist/libs/UIManager.js as file:///Users/dzk/Documents/git-projects/example-mflow/node_modules/dzkcc-mflow/node_modules/reflect-metadata/Reflect.mjs?cjs=&original=.js.
14:45:35 debug: Resolve ./ResLoader.js from file:///Users/dzk/Documents/git-projects/example-mflow/node_modules/dzkcc-mflow/dist/libs/CocosCore.js as file:///Users/dzk/Documents/git-projects/example-mflow/node_modules/dzkcc-mflow/dist/libs/ResLoader.js.
14:45:35 debug: Resolve cc from file:///Users/dzk/Documents/git-projects/example-mflow/node_modules/dzkcc-mflow/dist/libs/ResLoader.js as cce:/internal/x/cc.
14:45:35 debug: Resolve ../_virtual/_tslib.js from file:///Users/dzk/Documents/git-projects/example-mflow/node_modules/dzkcc-mflow/dist/libs/ResLoader.js as file:///Users/dzk/Documents/git-projects/example-mflow/node_modules/dzkcc-mflow/dist/_virtual/_tslib.js.
14:45:35 debug: Resolve cc from file:///Users/dzk/Documents/git-projects/example-mflow/node_modules/dzkcc-mflow/dist/libs/ResLoader.js as cce:/internal/x/cc.
14:45:35 debug: Resolve ./Broadcaster.js from file:///Users/dzk/Documents/git-projects/example-mflow/node_modules/dzkcc-mflow/dist/libs/CocosCore.js as file:///Users/dzk/Documents/git-projects/example-mflow/node_modules/dzkcc-mflow/dist/libs/Broadcaster.js.
14:45:35 debug: Resolve ../App.js from file:///Users/dzk/Documents/git-projects/example-mflow/node_modules/dzkcc-mflow/dist/libs/CocosCore.js as file:///Users/dzk/Documents/git-projects/example-mflow/node_modules/dzkcc-mflow/dist/App.js.
14:45:35 debug: Resolve ./core/ServiceLocator.js from file:///Users/dzk/Documents/git-projects/example-mflow/node_modules/dzkcc-mflow/dist/App.js as file:///Users/dzk/Documents/git-projects/example-mflow/node_modules/dzkcc-mflow/dist/core/ServiceLocator.js.
14:45:35 debug: Create cjs interop url for 'file:///Users/dzk/Documents/git-projects/example-mflow/node_modules/dzkcc-mflow/node_modules/reflect-metadata/Reflect.js'
14:45:35 debug: Resolve reflect-metadata from file:///Users/dzk/Documents/git-projects/example-mflow/node_modules/dzkcc-mflow/dist/App.js as file:///Users/dzk/Documents/git-projects/example-mflow/node_modules/dzkcc-mflow/node_modules/reflect-metadata/Reflect.mjs?cjs=&original=.js.
14:45:35 debug: Resolve ./ResLoader.js from file:///Users/dzk/Documents/git-projects/example-mflow/node_modules/dzkcc-mflow/dist/libs/index.js as file:///Users/dzk/Documents/git-projects/example-mflow/node_modules/dzkcc-mflow/dist/libs/ResLoader.js.
14:45:35 debug: Resolve ./UIManager.js from file:///Users/dzk/Documents/git-projects/example-mflow/node_modules/dzkcc-mflow/dist/libs/index.js as file:///Users/dzk/Documents/git-projects/example-mflow/node_modules/dzkcc-mflow/dist/libs/UIManager.js.
14:45:35 debug: Resolve ./UIRoot.js from file:///Users/dzk/Documents/git-projects/example-mflow/node_modules/dzkcc-mflow/dist/libs/index.js as file:///Users/dzk/Documents/git-projects/example-mflow/node_modules/dzkcc-mflow/dist/libs/UIRoot.js.
14:45:35 debug: Resolve cc from file:///Users/dzk/Documents/git-projects/example-mflow/node_modules/dzkcc-mflow/dist/libs/UIRoot.js as cce:/internal/x/cc.
14:45:35 debug: Resolve cc from file:///Users/dzk/Documents/git-projects/example-mflow/node_modules/dzkcc-mflow/dist/libs/UIRoot.js as cce:/internal/x/cc.
14:45:35 debug: Resolve cc from file:///Users/dzk/Documents/git-projects/example-mflow/assets/example.ts as cce:/internal/x/cc.
14:45:35 debug: Resolve file:///Users/dzk/Documents/git-projects/example-mflow/assets/example2.ts from cce:/internal/x/prerequisite-imports as file:///Users/dzk/Documents/git-projects/example-mflow/assets/example2.ts.
14:45:35 debug: Resolve cc from file:///Users/dzk/Documents/git-projects/example-mflow/assets/example2.ts as cce:/internal/x/cc.
14:45:35 debug: Resolve cc from file:///Users/dzk/Documents/git-projects/example-mflow/assets/example2.ts as cce:/internal/x/cc.
14:45:35 debug: Resolve cc from file:///Users/dzk/Documents/git-projects/example-mflow/assets/example2.ts as cce:/internal/x/cc.
14:45:35 debug: Resolve file:///Users/dzk/Documents/git-projects/example-mflow/assets/src/game/gui/grassGoup.ts from cce:/internal/x/prerequisite-imports as file:///Users/dzk/Documents/git-projects/example-mflow/assets/src/game/gui/grassGoup.ts.
14:45:35 debug: Resolve cce:/internal/code-quality/cr.mjs from file:///Users/dzk/Documents/git-projects/example-mflow/assets/src/game/gui/grassGoup.ts as cce:/internal/code-quality/cr.mjs.
14:45:35 debug: Resolve cc from file:///Users/dzk/Documents/git-projects/example-mflow/assets/src/game/gui/grassGoup.ts as cce:/internal/x/cc.
14:45:35 debug: Resolve cc from file:///Users/dzk/Documents/git-projects/example-mflow/assets/src/game/gui/grassGoup.ts as cce:/internal/x/cc.
14:45:35 debug: Resolve db://assets/src/views/BasegrassGoup from file:///Users/dzk/Documents/git-projects/example-mflow/assets/src/game/gui/grassGoup.ts as file:///Users/dzk/Documents/git-projects/example-mflow/assets/src/views/BasegrassGoup.ts.
14:45:35 debug: Resolve cce:/internal/code-quality/cr.mjs from file:///Users/dzk/Documents/git-projects/example-mflow/assets/src/views/BasegrassGoup.ts as cce:/internal/code-quality/cr.mjs.
14:45:35 debug: Resolve cc from file:///Users/dzk/Documents/git-projects/example-mflow/assets/src/views/BasegrassGoup.ts as cce:/internal/x/cc.
14:45:35 debug: Resolve cc from file:///Users/dzk/Documents/git-projects/example-mflow/assets/src/views/BasegrassGoup.ts as cce:/internal/x/cc.
14:45:35 debug: Resolve cc from file:///Users/dzk/Documents/git-projects/example-mflow/assets/src/views/BasegrassGoup.ts as cce:/internal/x/cc.
14:45:35 debug: Resolve dzkcc-mflow/libs from file:///Users/dzk/Documents/git-projects/example-mflow/assets/src/views/BasegrassGoup.ts as file:///Users/dzk/Documents/git-projects/example-mflow/node_modules/dzkcc-mflow/dist/libs/index.js.
14:45:35 debug: Resolve cc from file:///Users/dzk/Documents/git-projects/example-mflow/assets/src/game/gui/grassGoup.ts as cce:/internal/x/cc.
14:45:35 debug: Resolve file:///Users/dzk/Documents/git-projects/example-mflow/assets/src/views/BasegrassGoup.ts from cce:/internal/x/prerequisite-imports as file:///Users/dzk/Documents/git-projects/example-mflow/assets/src/views/BasegrassGoup.ts.
14:45:36 debug: Target(editor) ends with cost 110.51983301341534ms.
14:45:36 debug: Target(preview) build started.
14:45:36 debug: Detected change: cce:/internal/x/cc. Last mtime: Thu Jan 01 1970 08:00:13 GMT+0800 (中国标准时间), Current mtime: Thu Jan 01 1970 08:00:06 GMT+0800 (中国标准时间)
14:45:36 debug: Inspect cce:/internal/x/cc
14:45:36 debug: Resolve cce:/internal/x/cc-fu/2d from cce:/internal/x/cc as external dependency cce:/internal/x/cc-fu/2d.
14:45:36 debug: Resolve cce:/internal/x/cc-fu/sorting from cce:/internal/x/cc as external dependency cce:/internal/x/cc-fu/sorting.
14:45:36 debug: Resolve cce:/internal/x/cc-fu/3d from cce:/internal/x/cc as external dependency cce:/internal/x/cc-fu/3d.
14:45:36 debug: Resolve cce:/internal/x/cc-fu/animation from cce:/internal/x/cc as external dependency cce:/internal/x/cc-fu/animation.
14:45:36 debug: Resolve cce:/internal/x/cc-fu/audio from cce:/internal/x/cc as external dependency cce:/internal/x/cc-fu/audio.
14:45:36 debug: Resolve cce:/internal/x/cc-fu/base from cce:/internal/x/cc as external dependency cce:/internal/x/cc-fu/base.
14:45:36 debug: Resolve cce:/internal/x/cc-fu/dragon-bones from cce:/internal/x/cc as external dependency cce:/internal/x/cc-fu/dragon-bones.
14:45:36 debug: Resolve cce:/internal/x/cc-fu/gfx-webgl from cce:/internal/x/cc as external dependency cce:/internal/x/cc-fu/gfx-webgl.
14:45:36 debug: Resolve cce:/internal/x/cc-fu/intersection-2d from cce:/internal/x/cc as external dependency cce:/internal/x/cc-fu/intersection-2d.
14:45:36 debug: Resolve cce:/internal/x/cc-fu/light-probe from cce:/internal/x/cc as external dependency cce:/internal/x/cc-fu/light-probe.
14:45:36 debug: Resolve cce:/internal/x/cc-fu/particle from cce:/internal/x/cc as external dependency cce:/internal/x/cc-fu/particle.
14:45:36 debug: Resolve cce:/internal/x/cc-fu/particle-2d from cce:/internal/x/cc as external dependency cce:/internal/x/cc-fu/particle-2d.
14:45:36 debug: Resolve cce:/internal/x/cc-fu/physics-2d-box2d from cce:/internal/x/cc as external dependency cce:/internal/x/cc-fu/physics-2d-box2d.
14:45:36 debug: Resolve cce:/internal/x/cc-fu/physics-2d-framework from cce:/internal/x/cc as external dependency cce:/internal/x/cc-fu/physics-2d-framework.
14:45:36 debug: Resolve cce:/internal/x/cc-fu/physics-ammo from cce:/internal/x/cc as external dependency cce:/internal/x/cc-fu/physics-ammo.
14:45:36 debug: Resolve cce:/internal/x/cc-fu/physics-framework from cce:/internal/x/cc as external dependency cce:/internal/x/cc-fu/physics-framework.
14:45:36 debug: Resolve cce:/internal/x/cc-fu/wait-for-ammo-instantiation from cce:/internal/x/cc as external dependency cce:/internal/x/cc-fu/wait-for-ammo-instantiation.
14:45:36 debug: Resolve cce:/internal/x/cc-fu/primitive from cce:/internal/x/cc as external dependency cce:/internal/x/cc-fu/primitive.
14:45:36 debug: Resolve cce:/internal/x/cc-fu/profiler from cce:/internal/x/cc as external dependency cce:/internal/x/cc-fu/profiler.
14:45:36 debug: Resolve cce:/internal/x/cc-fu/skeletal-animation from cce:/internal/x/cc as external dependency cce:/internal/x/cc-fu/skeletal-animation.
14:45:36 debug: Resolve cce:/internal/x/cc-fu/spine from cce:/internal/x/cc as external dependency cce:/internal/x/cc-fu/spine.
14:45:36 debug: Resolve cce:/internal/x/cc-fu/terrain from cce:/internal/x/cc as external dependency cce:/internal/x/cc-fu/terrain.
14:45:36 debug: Resolve cce:/internal/x/cc-fu/tiled-map from cce:/internal/x/cc as external dependency cce:/internal/x/cc-fu/tiled-map.
14:45:36 debug: Resolve cce:/internal/x/cc-fu/tween from cce:/internal/x/cc as external dependency cce:/internal/x/cc-fu/tween.
14:45:36 debug: Resolve cce:/internal/x/cc-fu/ui from cce:/internal/x/cc as external dependency cce:/internal/x/cc-fu/ui.
14:45:36 debug: Resolve cce:/internal/x/cc-fu/video from cce:/internal/x/cc as external dependency cce:/internal/x/cc-fu/video.
14:45:36 debug: Resolve cce:/internal/x/cc-fu/webview from cce:/internal/x/cc as external dependency cce:/internal/x/cc-fu/webview.
14:45:36 debug: Detected change: cce:/internal/x/prerequisite-imports. Last mtime: Thu Jan 01 1970 08:06:21 GMT+0800 (中国标准时间), Current mtime: Thu Jan 01 1970 08:00:06 GMT+0800 (中国标准时间)
14:45:36 debug: Inspect cce:/internal/x/prerequisite-imports
14:45:36 debug: Resolve file:///Applications/Cocos/Creator/3.8.3/CocosCreator.app/Contents/Resources/resources/3d/engine/editor/assets/tools/debug-view-runtime-control.ts from cce:/internal/x/prerequisite-imports as file:///Applications/Cocos/Creator/3.8.3/CocosCreator.app/Contents/Resources/resources/3d/engine/editor/assets/tools/debug-view-runtime-control.ts.
14:45:36 debug: Resolve cc from file:///Applications/Cocos/Creator/3.8.3/CocosCreator.app/Contents/Resources/resources/3d/engine/editor/assets/tools/debug-view-runtime-control.ts as cce:/internal/x/cc.
14:45:36 debug: Resolve cc from file:///Applications/Cocos/Creator/3.8.3/CocosCreator.app/Contents/Resources/resources/3d/engine/editor/assets/tools/debug-view-runtime-control.ts as cce:/internal/x/cc.
14:45:36 debug: Resolve cc from file:///Applications/Cocos/Creator/3.8.3/CocosCreator.app/Contents/Resources/resources/3d/engine/editor/assets/tools/debug-view-runtime-control.ts as cce:/internal/x/cc.
14:45:36 debug: Resolve file:///Users/dzk/Documents/git-projects/example-mflow/assets/example.ts from cce:/internal/x/prerequisite-imports as file:///Users/dzk/Documents/git-projects/example-mflow/assets/example.ts.
14:45:36 debug: Resolve cce:/internal/code-quality/cr.mjs from file:///Users/dzk/Documents/git-projects/example-mflow/assets/example.ts as cce:/internal/code-quality/cr.mjs.
14:45:36 debug: Detected change: cce:/internal/code-quality/cr.mjs. Last mtime: Mon May 12 2025 14:37:49 GMT+0800 (中国标准时间), Current mtime: Tue Jul 29 2025 14:45:29 GMT+0800 (中国标准时间)
14:45:36 debug: Inspect cce:/internal/code-quality/cr.mjs
14:45:36 debug: Resolve cc from file:///Users/dzk/Documents/git-projects/example-mflow/assets/example.ts as cce:/internal/x/cc.
14:45:36 debug: Resolve cc from file:///Users/dzk/Documents/git-projects/example-mflow/assets/example.ts as cce:/internal/x/cc.
14:45:36 debug: Resolve dzkcc-mflow/libs from file:///Users/dzk/Documents/git-projects/example-mflow/assets/example.ts as file:///Users/dzk/Documents/git-projects/example-mflow/node_modules/dzkcc-mflow/dist/libs/index.js.
14:45:36 debug: Resolve ./BaseView.js from file:///Users/dzk/Documents/git-projects/example-mflow/node_modules/dzkcc-mflow/dist/libs/index.js as file:///Users/dzk/Documents/git-projects/example-mflow/node_modules/dzkcc-mflow/dist/libs/BaseView.js.
14:45:36 debug: Resolve cc from file:///Users/dzk/Documents/git-projects/example-mflow/node_modules/dzkcc-mflow/dist/libs/BaseView.js as cce:/internal/x/cc.
14:45:36 debug: Resolve cc from file:///Users/dzk/Documents/git-projects/example-mflow/node_modules/dzkcc-mflow/dist/libs/BaseView.js as cce:/internal/x/cc.
14:45:36 debug: Resolve ./Broadcaster.js from file:///Users/dzk/Documents/git-projects/example-mflow/node_modules/dzkcc-mflow/dist/libs/index.js as file:///Users/dzk/Documents/git-projects/example-mflow/node_modules/dzkcc-mflow/dist/libs/Broadcaster.js.
14:45:36 debug: Resolve ../utils/ObjectUtil.js from file:///Users/dzk/Documents/git-projects/example-mflow/node_modules/dzkcc-mflow/dist/libs/Broadcaster.js as file:///Users/dzk/Documents/git-projects/example-mflow/node_modules/dzkcc-mflow/dist/utils/ObjectUtil.js.
14:45:36 debug: Resolve ../utils/StringUtil.js from file:///Users/dzk/Documents/git-projects/example-mflow/node_modules/dzkcc-mflow/dist/libs/Broadcaster.js as file:///Users/dzk/Documents/git-projects/example-mflow/node_modules/dzkcc-mflow/dist/utils/StringUtil.js.
14:45:36 debug: Resolve ./ObjectUtil.js from file:///Users/dzk/Documents/git-projects/example-mflow/node_modules/dzkcc-mflow/dist/utils/StringUtil.js as file:///Users/dzk/Documents/git-projects/example-mflow/node_modules/dzkcc-mflow/dist/utils/ObjectUtil.js.
14:45:36 debug: Resolve ./CocosCore.js from file:///Users/dzk/Documents/git-projects/example-mflow/node_modules/dzkcc-mflow/dist/libs/index.js as file:///Users/dzk/Documents/git-projects/example-mflow/node_modules/dzkcc-mflow/dist/libs/CocosCore.js.
14:45:36 debug: Resolve cc from file:///Users/dzk/Documents/git-projects/example-mflow/node_modules/dzkcc-mflow/dist/libs/CocosCore.js as cce:/internal/x/cc.
14:45:36 debug: Resolve cc from file:///Users/dzk/Documents/git-projects/example-mflow/node_modules/dzkcc-mflow/dist/libs/CocosCore.js as cce:/internal/x/cc.
14:45:36 debug: Resolve ../core/Core.js from file:///Users/dzk/Documents/git-projects/example-mflow/node_modules/dzkcc-mflow/dist/libs/CocosCore.js as file:///Users/dzk/Documents/git-projects/example-mflow/node_modules/dzkcc-mflow/dist/core/Core.js.
14:45:36 debug: Resolve ./ServiceLocator.js from file:///Users/dzk/Documents/git-projects/example-mflow/node_modules/dzkcc-mflow/dist/core/Core.js as file:///Users/dzk/Documents/git-projects/example-mflow/node_modules/dzkcc-mflow/dist/core/ServiceLocator.js.
14:45:36 debug: Resolve ./Decorators.js from file:///Users/dzk/Documents/git-projects/example-mflow/node_modules/dzkcc-mflow/dist/core/Core.js as file:///Users/dzk/Documents/git-projects/example-mflow/node_modules/dzkcc-mflow/dist/core/Decorators.js.
14:45:36 debug: Resolve ./ServiceLocator.js from file:///Users/dzk/Documents/git-projects/example-mflow/node_modules/dzkcc-mflow/dist/core/Decorators.js as file:///Users/dzk/Documents/git-projects/example-mflow/node_modules/dzkcc-mflow/dist/core/ServiceLocator.js.
14:45:36 debug: Create cjs interop url for 'file:///Users/dzk/Documents/git-projects/example-mflow/node_modules/dzkcc-mflow/node_modules/reflect-metadata/Reflect.js'
14:45:36 debug: Resolve reflect-metadata from file:///Users/dzk/Documents/git-projects/example-mflow/node_modules/dzkcc-mflow/dist/core/Decorators.js as file:///Users/dzk/Documents/git-projects/example-mflow/node_modules/dzkcc-mflow/node_modules/reflect-metadata/Reflect.mjs?cjs=&original=.js.
14:45:36 debug: Resolve ./Reflect.js from file:///Users/dzk/Documents/git-projects/example-mflow/node_modules/dzkcc-mflow/node_modules/reflect-metadata/Reflect.mjs?cjs=&original=.js as file:///Users/dzk/Documents/git-projects/example-mflow/node_modules/dzkcc-mflow/node_modules/reflect-metadata/Reflect.js.
14:45:36 debug: Resolve cce:/internal/ml/cjs-loader.mjs from file:///Users/dzk/Documents/git-projects/example-mflow/node_modules/dzkcc-mflow/node_modules/reflect-metadata/Reflect.js as cce:/internal/ml/cjs-loader.mjs.
14:45:36 debug: Detected change: cce:/internal/ml/cjs-loader.mjs. Last mtime: Mon May 12 2025 14:37:49 GMT+0800 (中国标准时间), Current mtime: Tue Jul 29 2025 14:45:29 GMT+0800 (中国标准时间)
14:45:36 debug: Inspect cce:/internal/ml/cjs-loader.mjs
14:45:36 debug: Resolve cce:/internal/ml/cjs-loader.mjs from file:///Users/dzk/Documents/git-projects/example-mflow/node_modules/dzkcc-mflow/node_modules/reflect-metadata/Reflect.mjs?cjs=&original=.js as cce:/internal/ml/cjs-loader.mjs.
14:45:36 debug: Resolve ./Reflect.js from file:///Users/dzk/Documents/git-projects/example-mflow/node_modules/dzkcc-mflow/node_modules/reflect-metadata/Reflect.mjs?cjs=&original=.js as file:///Users/dzk/Documents/git-projects/example-mflow/node_modules/dzkcc-mflow/node_modules/reflect-metadata/Reflect.js.
14:45:36 debug: Resolve ./Reflect.js from file:///Users/dzk/Documents/git-projects/example-mflow/node_modules/dzkcc-mflow/node_modules/reflect-metadata/Reflect.mjs?cjs=&original=.js as file:///Users/dzk/Documents/git-projects/example-mflow/node_modules/dzkcc-mflow/node_modules/reflect-metadata/Reflect.js.
14:45:36 debug: Resolve ../core/Decorators.js from file:///Users/dzk/Documents/git-projects/example-mflow/node_modules/dzkcc-mflow/dist/libs/CocosCore.js as file:///Users/dzk/Documents/git-projects/example-mflow/node_modules/dzkcc-mflow/dist/core/Decorators.js.
14:45:36 debug: Resolve ../core/ServiceLocator.js from file:///Users/dzk/Documents/git-projects/example-mflow/node_modules/dzkcc-mflow/dist/libs/CocosCore.js as file:///Users/dzk/Documents/git-projects/example-mflow/node_modules/dzkcc-mflow/dist/core/ServiceLocator.js.
14:45:36 debug: Resolve ./UIManager.js from file:///Users/dzk/Documents/git-projects/example-mflow/node_modules/dzkcc-mflow/dist/libs/CocosCore.js as file:///Users/dzk/Documents/git-projects/example-mflow/node_modules/dzkcc-mflow/dist/libs/UIManager.js.
14:45:36 debug: Resolve cc from file:///Users/dzk/Documents/git-projects/example-mflow/node_modules/dzkcc-mflow/dist/libs/UIManager.js as cce:/internal/x/cc.
14:45:36 debug: Resolve ../_virtual/_tslib.js from file:///Users/dzk/Documents/git-projects/example-mflow/node_modules/dzkcc-mflow/dist/libs/UIManager.js as file:///Users/dzk/Documents/git-projects/example-mflow/node_modules/dzkcc-mflow/dist/_virtual/_tslib.js.
14:45:36 debug: Resolve cc from file:///Users/dzk/Documents/git-projects/example-mflow/node_modules/dzkcc-mflow/dist/libs/UIManager.js as cce:/internal/x/cc.
14:45:36 debug: Resolve ../core/ServiceLocator.js from file:///Users/dzk/Documents/git-projects/example-mflow/node_modules/dzkcc-mflow/dist/libs/UIManager.js as file:///Users/dzk/Documents/git-projects/example-mflow/node_modules/dzkcc-mflow/dist/core/ServiceLocator.js.
14:45:36 debug: Create cjs interop url for 'file:///Users/dzk/Documents/git-projects/example-mflow/node_modules/dzkcc-mflow/node_modules/reflect-metadata/Reflect.js'
14:45:36 debug: Resolve reflect-metadata from file:///Users/dzk/Documents/git-projects/example-mflow/node_modules/dzkcc-mflow/dist/libs/UIManager.js as file:///Users/dzk/Documents/git-projects/example-mflow/node_modules/dzkcc-mflow/node_modules/reflect-metadata/Reflect.mjs?cjs=&original=.js.
14:45:36 debug: Resolve ./ResLoader.js from file:///Users/dzk/Documents/git-projects/example-mflow/node_modules/dzkcc-mflow/dist/libs/CocosCore.js as file:///Users/dzk/Documents/git-projects/example-mflow/node_modules/dzkcc-mflow/dist/libs/ResLoader.js.
14:45:36 debug: Resolve cc from file:///Users/dzk/Documents/git-projects/example-mflow/node_modules/dzkcc-mflow/dist/libs/ResLoader.js as cce:/internal/x/cc.
14:45:36 debug: Resolve ../_virtual/_tslib.js from file:///Users/dzk/Documents/git-projects/example-mflow/node_modules/dzkcc-mflow/dist/libs/ResLoader.js as file:///Users/dzk/Documents/git-projects/example-mflow/node_modules/dzkcc-mflow/dist/_virtual/_tslib.js.
14:45:36 debug: Resolve cc from file:///Users/dzk/Documents/git-projects/example-mflow/node_modules/dzkcc-mflow/dist/libs/ResLoader.js as cce:/internal/x/cc.
14:45:36 debug: Resolve ./Broadcaster.js from file:///Users/dzk/Documents/git-projects/example-mflow/node_modules/dzkcc-mflow/dist/libs/CocosCore.js as file:///Users/dzk/Documents/git-projects/example-mflow/node_modules/dzkcc-mflow/dist/libs/Broadcaster.js.
14:45:36 debug: Resolve ../App.js from file:///Users/dzk/Documents/git-projects/example-mflow/node_modules/dzkcc-mflow/dist/libs/CocosCore.js as file:///Users/dzk/Documents/git-projects/example-mflow/node_modules/dzkcc-mflow/dist/App.js.
14:45:36 debug: Resolve ./core/ServiceLocator.js from file:///Users/dzk/Documents/git-projects/example-mflow/node_modules/dzkcc-mflow/dist/App.js as file:///Users/dzk/Documents/git-projects/example-mflow/node_modules/dzkcc-mflow/dist/core/ServiceLocator.js.
14:45:36 debug: Create cjs interop url for 'file:///Users/dzk/Documents/git-projects/example-mflow/node_modules/dzkcc-mflow/node_modules/reflect-metadata/Reflect.js'
14:45:36 debug: Resolve reflect-metadata from file:///Users/dzk/Documents/git-projects/example-mflow/node_modules/dzkcc-mflow/dist/App.js as file:///Users/dzk/Documents/git-projects/example-mflow/node_modules/dzkcc-mflow/node_modules/reflect-metadata/Reflect.mjs?cjs=&original=.js.
14:45:36 debug: Resolve ./ResLoader.js from file:///Users/dzk/Documents/git-projects/example-mflow/node_modules/dzkcc-mflow/dist/libs/index.js as file:///Users/dzk/Documents/git-projects/example-mflow/node_modules/dzkcc-mflow/dist/libs/ResLoader.js.
14:45:36 debug: Resolve ./UIManager.js from file:///Users/dzk/Documents/git-projects/example-mflow/node_modules/dzkcc-mflow/dist/libs/index.js as file:///Users/dzk/Documents/git-projects/example-mflow/node_modules/dzkcc-mflow/dist/libs/UIManager.js.
14:45:36 debug: Resolve ./UIRoot.js from file:///Users/dzk/Documents/git-projects/example-mflow/node_modules/dzkcc-mflow/dist/libs/index.js as file:///Users/dzk/Documents/git-projects/example-mflow/node_modules/dzkcc-mflow/dist/libs/UIRoot.js.
14:45:36 debug: Resolve cc from file:///Users/dzk/Documents/git-projects/example-mflow/node_modules/dzkcc-mflow/dist/libs/UIRoot.js as cce:/internal/x/cc.
14:45:36 debug: Resolve cc from file:///Users/dzk/Documents/git-projects/example-mflow/node_modules/dzkcc-mflow/dist/libs/UIRoot.js as cce:/internal/x/cc.
14:45:36 debug: Resolve cc from file:///Users/dzk/Documents/git-projects/example-mflow/assets/example.ts as cce:/internal/x/cc.
14:45:36 debug: Resolve file:///Users/dzk/Documents/git-projects/example-mflow/assets/example2.ts from cce:/internal/x/prerequisite-imports as file:///Users/dzk/Documents/git-projects/example-mflow/assets/example2.ts.
14:45:36 debug: Resolve cc from file:///Users/dzk/Documents/git-projects/example-mflow/assets/example2.ts as cce:/internal/x/cc.
14:45:36 debug: Resolve cc from file:///Users/dzk/Documents/git-projects/example-mflow/assets/example2.ts as cce:/internal/x/cc.
14:45:36 debug: Resolve cc from file:///Users/dzk/Documents/git-projects/example-mflow/assets/example2.ts as cce:/internal/x/cc.
14:45:36 debug: Resolve file:///Users/dzk/Documents/git-projects/example-mflow/assets/src/game/gui/grassGoup.ts from cce:/internal/x/prerequisite-imports as file:///Users/dzk/Documents/git-projects/example-mflow/assets/src/game/gui/grassGoup.ts.
14:45:36 debug: Resolve cce:/internal/code-quality/cr.mjs from file:///Users/dzk/Documents/git-projects/example-mflow/assets/src/game/gui/grassGoup.ts as cce:/internal/code-quality/cr.mjs.
14:45:36 debug: Resolve cc from file:///Users/dzk/Documents/git-projects/example-mflow/assets/src/game/gui/grassGoup.ts as cce:/internal/x/cc.
14:45:36 debug: Resolve cc from file:///Users/dzk/Documents/git-projects/example-mflow/assets/src/game/gui/grassGoup.ts as cce:/internal/x/cc.
14:45:36 debug: Resolve db://assets/src/views/BasegrassGoup from file:///Users/dzk/Documents/git-projects/example-mflow/assets/src/game/gui/grassGoup.ts as file:///Users/dzk/Documents/git-projects/example-mflow/assets/src/views/BasegrassGoup.ts.
14:45:36 debug: Resolve cce:/internal/code-quality/cr.mjs from file:///Users/dzk/Documents/git-projects/example-mflow/assets/src/views/BasegrassGoup.ts as cce:/internal/code-quality/cr.mjs.
14:45:36 debug: Resolve cc from file:///Users/dzk/Documents/git-projects/example-mflow/assets/src/views/BasegrassGoup.ts as cce:/internal/x/cc.
14:45:36 debug: Resolve cc from file:///Users/dzk/Documents/git-projects/example-mflow/assets/src/views/BasegrassGoup.ts as cce:/internal/x/cc.
14:45:36 debug: Resolve cc from file:///Users/dzk/Documents/git-projects/example-mflow/assets/src/views/BasegrassGoup.ts as cce:/internal/x/cc.
14:45:36 debug: Resolve dzkcc-mflow/libs from file:///Users/dzk/Documents/git-projects/example-mflow/assets/src/views/BasegrassGoup.ts as file:///Users/dzk/Documents/git-projects/example-mflow/node_modules/dzkcc-mflow/dist/libs/index.js.
14:45:36 debug: Resolve cc from file:///Users/dzk/Documents/git-projects/example-mflow/assets/src/game/gui/grassGoup.ts as cce:/internal/x/cc.
14:45:36 debug: Resolve file:///Users/dzk/Documents/git-projects/example-mflow/assets/src/views/BasegrassGoup.ts from cce:/internal/x/prerequisite-imports as file:///Users/dzk/Documents/git-projects/example-mflow/assets/src/views/BasegrassGoup.ts.
14:45:36 debug: Target(preview) ends with cost 89.27229200303555ms.
14:45:36 debug: Pulling asset-db.
14:45:36 debug: Fetch asset-db cost: 327.60712499916553ms.
14:45:36 debug: Build iteration starts.
Number of accumulated asset changes: 5
Feature changed: false
14:45:36 debug: Target(editor) build started.
14:45:36 debug: Detected change: cce:/internal/x/prerequisite-imports. Last mtime: Thu Jan 01 1970 08:00:06 GMT+0800 (中国标准时间), Current mtime: Thu Jan 01 1970 08:00:07 GMT+0800 (中国标准时间)
14:45:36 debug: Inspect cce:/internal/x/prerequisite-imports
14:45:36 debug: Resolve file:///Applications/Cocos/Creator/3.8.3/CocosCreator.app/Contents/Resources/resources/3d/engine/editor/assets/tools/debug-view-runtime-control.ts from cce:/internal/x/prerequisite-imports as file:///Applications/Cocos/Creator/3.8.3/CocosCreator.app/Contents/Resources/resources/3d/engine/editor/assets/tools/debug-view-runtime-control.ts.
14:45:36 debug: Resolve file:///Users/dzk/Documents/git-projects/example-mflow/assets/example.ts from cce:/internal/x/prerequisite-imports as file:///Users/dzk/Documents/git-projects/example-mflow/assets/example.ts.
14:45:36 debug: Resolve file:///Users/dzk/Documents/git-projects/example-mflow/assets/example2.ts from cce:/internal/x/prerequisite-imports as file:///Users/dzk/Documents/git-projects/example-mflow/assets/example2.ts.
14:45:36 debug: Resolve file:///Users/dzk/Documents/git-projects/example-mflow/assets/src/game/gui/grassGoup.ts from cce:/internal/x/prerequisite-imports as file:///Users/dzk/Documents/git-projects/example-mflow/assets/src/game/gui/grassGoup.ts.
14:45:36 debug: Resolve file:///Users/dzk/Documents/git-projects/example-mflow/assets/src/views/BasegrassGoup.ts from cce:/internal/x/prerequisite-imports as file:///Users/dzk/Documents/git-projects/example-mflow/assets/src/views/BasegrassGoup.ts.
14:45:36 debug: Target(editor) ends with cost 19.0309170037508ms.
14:45:36 debug: Target(preview) build started.
14:45:36 debug: Detected change: cce:/internal/x/prerequisite-imports. Last mtime: Thu Jan 01 1970 08:00:06 GMT+0800 (中国标准时间), Current mtime: Thu Jan 01 1970 08:00:07 GMT+0800 (中国标准时间)
14:45:36 debug: Inspect cce:/internal/x/prerequisite-imports
14:45:36 debug: Resolve file:///Applications/Cocos/Creator/3.8.3/CocosCreator.app/Contents/Resources/resources/3d/engine/editor/assets/tools/debug-view-runtime-control.ts from cce:/internal/x/prerequisite-imports as file:///Applications/Cocos/Creator/3.8.3/CocosCreator.app/Contents/Resources/resources/3d/engine/editor/assets/tools/debug-view-runtime-control.ts.
14:45:36 debug: Resolve file:///Users/dzk/Documents/git-projects/example-mflow/assets/example.ts from cce:/internal/x/prerequisite-imports as file:///Users/dzk/Documents/git-projects/example-mflow/assets/example.ts.
14:45:36 debug: Resolve file:///Users/dzk/Documents/git-projects/example-mflow/assets/example2.ts from cce:/internal/x/prerequisite-imports as file:///Users/dzk/Documents/git-projects/example-mflow/assets/example2.ts.
14:45:36 debug: Resolve file:///Users/dzk/Documents/git-projects/example-mflow/assets/src/game/gui/grassGoup.ts from cce:/internal/x/prerequisite-imports as file:///Users/dzk/Documents/git-projects/example-mflow/assets/src/game/gui/grassGoup.ts.
14:45:36 debug: Resolve file:///Users/dzk/Documents/git-projects/example-mflow/assets/src/views/BasegrassGoup.ts from cce:/internal/x/prerequisite-imports as file:///Users/dzk/Documents/git-projects/example-mflow/assets/src/views/BasegrassGoup.ts.
14:45:36 debug: Target(preview) ends with cost 21.891584008932114ms.
